#! /opt/homebrew/Cellar/icarus-verilog/12.0/bin/vvp
:ivl_version "12.0 (stable)";
:ivl_delay_selection "TYPICAL";
:vpi_time_precision - 12;
:vpi_module "/opt/homebrew/Cellar/icarus-verilog/12.0/lib/ivl/system.vpi";
:vpi_module "/opt/homebrew/Cellar/icarus-verilog/12.0/lib/ivl/vhdl_sys.vpi";
:vpi_module "/opt/homebrew/Cellar/icarus-verilog/12.0/lib/ivl/vhdl_textio.vpi";
:vpi_module "/opt/homebrew/Cellar/icarus-verilog/12.0/lib/ivl/v2005_math.vpi";
:vpi_module "/opt/homebrew/Cellar/icarus-verilog/12.0/lib/ivl/va_math.vpi";
S_0x13b608ab0 .scope module, "tb_adder" "tb_adder" 2 3;
 .timescale -9 -12;
P_0x13b615620 .param/l "CLK_PERIOD" 1 2 13, +C4<00000000000000000000000000001010>;
v0x13b64a4e0_0 .var "A", 3 0;
v0x13b64a5b0_0 .var "B", 3 0;
v0x13b64a680_0 .net "Cout", 0 0, v0x13b649be0_0;  1 drivers
v0x13b64a750_0 .net "S", 3 0, v0x13b649740_0;  1 drivers
v0x13b64a820_0 .var "clk", 0 0;
S_0x13b608c20 .scope module, "u1" "circuit" 2 11, 3 75 0, S_0x13b608ab0;
 .timescale -9 -12;
    .port_info 0 /INPUT 4 "A";
    .port_info 1 /INPUT 4 "B";
    .port_info 2 /INPUT 1 "clk";
    .port_info 3 /OUTPUT 4 "S";
    .port_info 4 /OUTPUT 1 "Cout";
v0x13b649d50_0 .net "A", 3 0, v0x13b64a4e0_0;  1 drivers
v0x13b649e00_0 .net "Ad", 3 0, v0x13b644370_0;  1 drivers
v0x13b649ed0_0 .net "B", 3 0, v0x13b64a5b0_0;  1 drivers
v0x13b649f80_0 .net "Bd", 3 0, v0x13b6447f0_0;  1 drivers
v0x13b64a050_0 .net "CC", 0 0, L_0x13b64f630;  1 drivers
v0x13b64a160_0 .net "Cout", 0 0, v0x13b649be0_0;  alias, 1 drivers
v0x13b64a1f0_0 .net "S", 3 0, v0x13b649740_0;  alias, 1 drivers
v0x13b64a280_0 .net "SS", 3 0, L_0x13b64fb40;  1 drivers
v0x13b64a350_0 .net "clk", 0 0, v0x13b64a820_0;  1 drivers
S_0x13b607580 .scope module, "u1" "dff" 3 88, 3 3 0, S_0x13b608c20;
 .timescale -9 -12;
    .port_info 0 /INPUT 4 "D";
    .port_info 1 /INPUT 1 "clk";
    .port_info 2 /OUTPUT 4 "Q";
v0x13b6346e0_0 .net "D", 3 0, v0x13b64a4e0_0;  alias, 1 drivers
v0x13b644370_0 .var "Q", 3 0;
v0x13b644420_0 .net "clk", 0 0, v0x13b64a820_0;  alias, 1 drivers
E_0x13b614760 .event posedge, v0x13b644420_0;
S_0x13b644520 .scope module, "u2" "dff" 3 89, 3 3 0, S_0x13b608c20;
 .timescale -9 -12;
    .port_info 0 /INPUT 4 "D";
    .port_info 1 /INPUT 1 "clk";
    .port_info 2 /OUTPUT 4 "Q";
v0x13b644740_0 .net "D", 3 0, v0x13b64a5b0_0;  alias, 1 drivers
v0x13b6447f0_0 .var "Q", 3 0;
v0x13b6448a0_0 .net "clk", 0 0, v0x13b64a820_0;  alias, 1 drivers
S_0x13b6449a0 .scope module, "u3" "C_L_adder" 3 91, 3 35 0, S_0x13b608c20;
 .timescale -9 -12;
    .port_info 0 /INPUT 4 "A";
    .port_info 1 /INPUT 4 "B";
    .port_info 2 /OUTPUT 4 "S";
    .port_info 3 /OUTPUT 1 "Cout";
L_0x13b64aa30 .functor XOR 1, L_0x13b64a8f0, L_0x13b64a990, C4<0>, C4<0>;
L_0x13b64ad60 .functor XOR 1, L_0x13b64ab20, L_0x13b64ac40, C4<0>, C4<0>;
L_0x13b64af80 .functor XOR 1, L_0x13b64ae10, L_0x13b64aee0, C4<0>, C4<0>;
L_0x13b64b3e0 .functor XOR 1, L_0x13b64b250, L_0x13b64b2f0, C4<0>, C4<0>;
L_0x13b64b670 .functor AND 1, L_0x13b64b4d0, L_0x13b64b570, C4<1>, C4<1>;
L_0x13b64b770 .functor NOT 1, L_0x13b64b670, C4<0>, C4<0>, C4<0>;
L_0x13b64ace0 .functor AND 1, L_0x13b64b820, L_0x13b64b9c0, C4<1>, C4<1>;
L_0x13b64bc00 .functor NOT 1, L_0x13b64ace0, C4<0>, C4<0>, C4<0>;
L_0x13b64bdf0 .functor AND 1, L_0x13b64bcb0, L_0x13b64bd50, C4<1>, C4<1>;
L_0x13b64bf30 .functor NOT 1, L_0x13b64bdf0, C4<0>, C4<0>, C4<0>;
L_0x13b64abc0 .functor AND 1, L_0x13b64c130, L_0x13b64c260, C4<1>, C4<1>;
L_0x13b64c400 .functor NOT 1, L_0x13b64abc0, C4<0>, C4<0>, C4<0>;
L_0x13b64c630 .functor NOT 1, L_0x13b64c4b0, C4<0>, C4<0>, C4<0>;
L_0x13b64c980 .functor NOT 1, L_0x13b64c590, C4<0>, C4<0>, C4<0>;
L_0x13b64c9f0 .functor AND 1, L_0x13b64c7b0, L_0x13b64c980, C4<1>, C4<1>;
L_0x13b64c6a0 .functor NOT 1, L_0x13b64c9f0, C4<0>, C4<0>, C4<0>;
L_0x13b64cb60 .functor AND 1, L_0x13b64c710, L_0x13b64c6a0, C4<1>, C4<1>;
L_0x13b64c850 .functor AND 1, L_0x13b64cce0, L_0x13b64ce40, C4<1>, C4<1>;
L_0x13b64cf20 .functor NOT 1, L_0x13b64c850, C4<0>, C4<0>, C4<0>;
L_0x13b64d070 .functor AND 1, L_0x13b64cb60, L_0x13b64cf20, C4<1>, C4<1>;
L_0x13b64d0e0 .functor NOT 1, L_0x13b64d070, C4<0>, C4<0>, C4<0>;
L_0x13b64d2c0 .functor NOT 1, L_0x13b64d510, C4<0>, C4<0>, C4<0>;
L_0x13b64d5b0 .functor AND 1, L_0x13b64cd80, L_0x13b64d2c0, C4<1>, C4<1>;
L_0x13b64d780 .functor NOT 1, L_0x13b64d5b0, C4<0>, C4<0>, C4<0>;
L_0x13b64d1d0 .functor AND 1, L_0x13b64d390, L_0x13b64d780, C4<1>, C4<1>;
L_0x13b64d430 .functor AND 1, L_0x13b64d940, L_0x13b64d6c0, C4<1>, C4<1>;
L_0x13b64dcb0 .functor NOT 1, L_0x13b64db10, C4<0>, C4<0>, C4<0>;
L_0x13b64da20 .functor AND 1, L_0x13b64d430, L_0x13b64dcb0, C4<1>, C4<1>;
L_0x13b64de00 .functor NOT 1, L_0x13b64da20, C4<0>, C4<0>, C4<0>;
L_0x13b64df60 .functor AND 1, L_0x13b64d1d0, L_0x13b64de00, C4<1>, C4<1>;
L_0x13b64dfd0 .functor NOT 1, L_0x13b64df60, C4<0>, C4<0>, C4<0>;
L_0x13b64c900 .functor NOT 1, L_0x13b64de70, C4<0>, C4<0>, C4<0>;
L_0x13b64dbb0 .functor AND 1, L_0x13b64e180, L_0x13b64c900, C4<1>, C4<1>;
L_0x13b64e080 .functor NOT 1, L_0x13b64dbb0, C4<0>, C4<0>, C4<0>;
L_0x13b64e0f0 .functor AND 1, L_0x13b64e540, L_0x13b64e5e0, C4<1>, C4<1>;
L_0x13b64e3e0 .functor NOT 1, L_0x13b64e340, C4<0>, C4<0>, C4<0>;
L_0x13b64e490 .functor AND 1, L_0x13b64e0f0, L_0x13b64e3e0, C4<1>, C4<1>;
L_0x13b64e8a0 .functor NOT 1, L_0x13b64e490, C4<0>, C4<0>, C4<0>;
L_0x13b64e820 .functor AND 1, L_0x13b64e780, L_0x13b64ed80, C4<1>, C4<1>;
L_0x13b64eae0 .functor AND 1, L_0x13b64e820, L_0x13b64ea40, C4<1>, C4<1>;
L_0x13b64ee20 .functor NOT 1, L_0x13b64f0a0, C4<0>, C4<0>, C4<0>;
L_0x13b64eed0 .functor AND 1, L_0x13b64eae0, L_0x13b64ee20, C4<1>, C4<1>;
L_0x13b64efe0 .functor NOT 1, L_0x13b64eed0, C4<0>, C4<0>, C4<0>;
L_0x13b64f140 .functor AND 1, L_0x13b64f290, L_0x13b64f330, C4<1>, C4<1>;
L_0x13b64f7c0 .functor AND 1, L_0x13b64f140, L_0x13b64f720, C4<1>, C4<1>;
L_0x13b64f5c0 .functor AND 1, L_0x13b64f7c0, L_0x13b64f420, C4<1>, C4<1>;
L_0x13b64f630 .functor NOT 1, L_0x13b64f5c0, C4<0>, C4<0>, C4<0>;
L_0x13b64fa50 .functor XOR 1, L_0x13b64f910, L_0x13b64f9b0, C4<0>, C4<0>;
L_0x13b64fd70 .functor XOR 1, L_0x13b64fe90, L_0x13b64fcd0, C4<0>, C4<0>;
L_0x13b650290 .functor XOR 1, L_0x13b64ff30, L_0x13b64ffd0, C4<0>, C4<0>;
v0x13b644be0_0 .net "A", 3 0, v0x13b644370_0;  alias, 1 drivers
v0x13b644ca0_0 .net "B", 3 0, v0x13b6447f0_0;  alias, 1 drivers
v0x13b644d50_0 .net "C", 2 0, L_0x13b64cfd0;  1 drivers
v0x13b644e00_0 .net "Cout", 0 0, L_0x13b64f630;  alias, 1 drivers
v0x13b644ea0_0 .net "G1", 3 0, L_0x13b64bfa0;  1 drivers
v0x13b644f90_0 .net "P", 3 0, L_0x13b64b090;  1 drivers
v0x13b645040_0 .net "S", 3 0, L_0x13b64fb40;  alias, 1 drivers
v0x13b6450f0_0 .net *"_ivl_100", 0 0, L_0x13b64c850;  1 drivers
v0x13b6451a0_0 .net *"_ivl_102", 0 0, L_0x13b64cf20;  1 drivers
v0x13b6452b0_0 .net *"_ivl_104", 0 0, L_0x13b64d070;  1 drivers
v0x13b645360_0 .net *"_ivl_106", 0 0, L_0x13b64d0e0;  1 drivers
v0x13b645410_0 .net *"_ivl_11", 0 0, L_0x13b64ab20;  1 drivers
v0x13b6454c0_0 .net *"_ivl_112", 0 0, L_0x13b64d390;  1 drivers
v0x13b645570_0 .net *"_ivl_114", 0 0, L_0x13b64cd80;  1 drivers
v0x13b645620_0 .net *"_ivl_116", 0 0, L_0x13b64d510;  1 drivers
v0x13b6456d0_0 .net *"_ivl_117", 0 0, L_0x13b64d2c0;  1 drivers
v0x13b645780_0 .net *"_ivl_119", 0 0, L_0x13b64d5b0;  1 drivers
v0x13b645910_0 .net *"_ivl_121", 0 0, L_0x13b64d780;  1 drivers
v0x13b6459a0_0 .net *"_ivl_123", 0 0, L_0x13b64d1d0;  1 drivers
v0x13b645a50_0 .net *"_ivl_126", 0 0, L_0x13b64d940;  1 drivers
v0x13b645b00_0 .net *"_ivl_128", 0 0, L_0x13b64d6c0;  1 drivers
v0x13b645bb0_0 .net *"_ivl_129", 0 0, L_0x13b64d430;  1 drivers
v0x13b645c60_0 .net *"_ivl_13", 0 0, L_0x13b64ac40;  1 drivers
v0x13b645d10_0 .net *"_ivl_132", 0 0, L_0x13b64db10;  1 drivers
v0x13b645dc0_0 .net *"_ivl_133", 0 0, L_0x13b64dcb0;  1 drivers
v0x13b645e70_0 .net *"_ivl_135", 0 0, L_0x13b64da20;  1 drivers
v0x13b645f20_0 .net *"_ivl_137", 0 0, L_0x13b64de00;  1 drivers
v0x13b645fd0_0 .net *"_ivl_139", 0 0, L_0x13b64df60;  1 drivers
v0x13b646080_0 .net *"_ivl_14", 0 0, L_0x13b64ad60;  1 drivers
v0x13b646130_0 .net *"_ivl_141", 0 0, L_0x13b64dfd0;  1 drivers
v0x13b6461e0_0 .net *"_ivl_146", 0 0, L_0x13b64e180;  1 drivers
v0x13b646290_0 .net *"_ivl_148", 0 0, L_0x13b64de70;  1 drivers
v0x13b646340_0 .net *"_ivl_149", 0 0, L_0x13b64c900;  1 drivers
v0x13b645830_0 .net *"_ivl_151", 0 0, L_0x13b64dbb0;  1 drivers
v0x13b6465d0_0 .net *"_ivl_153", 0 0, L_0x13b64e080;  1 drivers
v0x13b646660_0 .net *"_ivl_158", 0 0, L_0x13b64e540;  1 drivers
v0x13b646700_0 .net *"_ivl_160", 0 0, L_0x13b64e5e0;  1 drivers
v0x13b6467b0_0 .net *"_ivl_161", 0 0, L_0x13b64e0f0;  1 drivers
v0x13b646860_0 .net *"_ivl_164", 0 0, L_0x13b64e340;  1 drivers
v0x13b646910_0 .net *"_ivl_165", 0 0, L_0x13b64e3e0;  1 drivers
v0x13b6469c0_0 .net *"_ivl_167", 0 0, L_0x13b64e490;  1 drivers
v0x13b646a70_0 .net *"_ivl_169", 0 0, L_0x13b64e8a0;  1 drivers
v0x13b646b20_0 .net *"_ivl_175", 0 0, L_0x13b64e780;  1 drivers
v0x13b646bd0_0 .net *"_ivl_177", 0 0, L_0x13b64ed80;  1 drivers
v0x13b646c80_0 .net *"_ivl_178", 0 0, L_0x13b64e820;  1 drivers
v0x13b646d30_0 .net *"_ivl_181", 0 0, L_0x13b64ea40;  1 drivers
v0x13b646de0_0 .net *"_ivl_182", 0 0, L_0x13b64eae0;  1 drivers
v0x13b646e90_0 .net *"_ivl_185", 0 0, L_0x13b64f0a0;  1 drivers
v0x13b646f40_0 .net *"_ivl_186", 0 0, L_0x13b64ee20;  1 drivers
v0x13b646ff0_0 .net *"_ivl_188", 0 0, L_0x13b64eed0;  1 drivers
v0x13b6470a0_0 .net *"_ivl_19", 0 0, L_0x13b64ae10;  1 drivers
v0x13b647150_0 .net *"_ivl_190", 0 0, L_0x13b64efe0;  1 drivers
v0x13b647200_0 .net *"_ivl_193", 0 0, L_0x13b64f290;  1 drivers
v0x13b6472b0_0 .net *"_ivl_195", 0 0, L_0x13b64f330;  1 drivers
v0x13b647360_0 .net *"_ivl_196", 0 0, L_0x13b64f140;  1 drivers
v0x13b647410_0 .net *"_ivl_199", 0 0, L_0x13b64f720;  1 drivers
v0x13b6474c0_0 .net *"_ivl_200", 0 0, L_0x13b64f7c0;  1 drivers
v0x13b647570_0 .net *"_ivl_203", 0 0, L_0x13b64f420;  1 drivers
v0x13b647620_0 .net *"_ivl_204", 0 0, L_0x13b64f5c0;  1 drivers
v0x13b6476d0_0 .net *"_ivl_21", 0 0, L_0x13b64aee0;  1 drivers
v0x13b647780_0 .net *"_ivl_211", 0 0, L_0x13b64f870;  1 drivers
v0x13b647830_0 .net *"_ivl_215", 0 0, L_0x13b64f910;  1 drivers
v0x13b6478e0_0 .net *"_ivl_217", 0 0, L_0x13b64f9b0;  1 drivers
v0x13b647990_0 .net *"_ivl_218", 0 0, L_0x13b64fa50;  1 drivers
v0x13b647a40_0 .net *"_ivl_22", 0 0, L_0x13b64af80;  1 drivers
v0x13b6463f0_0 .net *"_ivl_223", 0 0, L_0x13b64fe90;  1 drivers
v0x13b6464a0_0 .net *"_ivl_225", 0 0, L_0x13b64fcd0;  1 drivers
v0x13b647ad0_0 .net *"_ivl_226", 0 0, L_0x13b64fd70;  1 drivers
v0x13b647b60_0 .net *"_ivl_232", 0 0, L_0x13b64ff30;  1 drivers
v0x13b647bf0_0 .net *"_ivl_234", 0 0, L_0x13b64ffd0;  1 drivers
v0x13b647c80_0 .net *"_ivl_235", 0 0, L_0x13b650290;  1 drivers
v0x13b647d10_0 .net *"_ivl_28", 0 0, L_0x13b64b250;  1 drivers
v0x13b647dc0_0 .net *"_ivl_3", 0 0, L_0x13b64a8f0;  1 drivers
v0x13b647e70_0 .net *"_ivl_30", 0 0, L_0x13b64b2f0;  1 drivers
v0x13b647f20_0 .net *"_ivl_31", 0 0, L_0x13b64b3e0;  1 drivers
v0x13b647fd0_0 .net *"_ivl_36", 0 0, L_0x13b64b4d0;  1 drivers
v0x13b648080_0 .net *"_ivl_38", 0 0, L_0x13b64b570;  1 drivers
v0x13b648130_0 .net *"_ivl_39", 0 0, L_0x13b64b670;  1 drivers
v0x13b6481e0_0 .net *"_ivl_41", 0 0, L_0x13b64b770;  1 drivers
v0x13b648290_0 .net *"_ivl_46", 0 0, L_0x13b64b820;  1 drivers
v0x13b648340_0 .net *"_ivl_48", 0 0, L_0x13b64b9c0;  1 drivers
v0x13b6483f0_0 .net *"_ivl_49", 0 0, L_0x13b64ace0;  1 drivers
v0x13b6484a0_0 .net *"_ivl_5", 0 0, L_0x13b64a990;  1 drivers
v0x13b648550_0 .net *"_ivl_51", 0 0, L_0x13b64bc00;  1 drivers
v0x13b648600_0 .net *"_ivl_56", 0 0, L_0x13b64bcb0;  1 drivers
v0x13b6486b0_0 .net *"_ivl_58", 0 0, L_0x13b64bd50;  1 drivers
v0x13b648760_0 .net *"_ivl_59", 0 0, L_0x13b64bdf0;  1 drivers
v0x13b648810_0 .net *"_ivl_6", 0 0, L_0x13b64aa30;  1 drivers
v0x13b6488c0_0 .net *"_ivl_61", 0 0, L_0x13b64bf30;  1 drivers
v0x13b648970_0 .net *"_ivl_67", 0 0, L_0x13b64c130;  1 drivers
v0x13b648a20_0 .net *"_ivl_69", 0 0, L_0x13b64c260;  1 drivers
v0x13b648ad0_0 .net *"_ivl_70", 0 0, L_0x13b64abc0;  1 drivers
v0x13b648b80_0 .net *"_ivl_72", 0 0, L_0x13b64c400;  1 drivers
v0x13b648c30_0 .net *"_ivl_77", 0 0, L_0x13b64c4b0;  1 drivers
v0x13b648ce0_0 .net *"_ivl_78", 0 0, L_0x13b64c630;  1 drivers
v0x13b648d90_0 .net *"_ivl_83", 0 0, L_0x13b64c710;  1 drivers
v0x13b648e40_0 .net *"_ivl_85", 0 0, L_0x13b64c7b0;  1 drivers
v0x13b648ef0_0 .net *"_ivl_87", 0 0, L_0x13b64c590;  1 drivers
v0x13b648fa0_0 .net *"_ivl_88", 0 0, L_0x13b64c980;  1 drivers
v0x13b649050_0 .net *"_ivl_90", 0 0, L_0x13b64c9f0;  1 drivers
v0x13b649100_0 .net *"_ivl_92", 0 0, L_0x13b64c6a0;  1 drivers
v0x13b6491b0_0 .net *"_ivl_94", 0 0, L_0x13b64cb60;  1 drivers
v0x13b649260_0 .net *"_ivl_97", 0 0, L_0x13b64cce0;  1 drivers
v0x13b649310_0 .net *"_ivl_99", 0 0, L_0x13b64ce40;  1 drivers
v0x13b6493c0_0 .net "h", 2 0, L_0x13b64eb70;  1 drivers
L_0x13b64a8f0 .part v0x13b644370_0, 0, 1;
L_0x13b64a990 .part v0x13b6447f0_0, 0, 1;
L_0x13b64ab20 .part v0x13b644370_0, 1, 1;
L_0x13b64ac40 .part v0x13b6447f0_0, 1, 1;
L_0x13b64ae10 .part v0x13b644370_0, 2, 1;
L_0x13b64aee0 .part v0x13b6447f0_0, 2, 1;
L_0x13b64b090 .concat8 [ 1 1 1 1], L_0x13b64aa30, L_0x13b64ad60, L_0x13b64af80, L_0x13b64b3e0;
L_0x13b64b250 .part v0x13b644370_0, 3, 1;
L_0x13b64b2f0 .part v0x13b6447f0_0, 3, 1;
L_0x13b64b4d0 .part v0x13b644370_0, 0, 1;
L_0x13b64b570 .part v0x13b6447f0_0, 0, 1;
L_0x13b64b820 .part v0x13b644370_0, 1, 1;
L_0x13b64b9c0 .part v0x13b6447f0_0, 1, 1;
L_0x13b64bcb0 .part v0x13b644370_0, 2, 1;
L_0x13b64bd50 .part v0x13b6447f0_0, 2, 1;
L_0x13b64bfa0 .concat8 [ 1 1 1 1], L_0x13b64b770, L_0x13b64bc00, L_0x13b64bf30, L_0x13b64c400;
L_0x13b64c130 .part v0x13b644370_0, 3, 1;
L_0x13b64c260 .part v0x13b6447f0_0, 3, 1;
L_0x13b64c4b0 .part L_0x13b64bfa0, 0, 1;
L_0x13b64c710 .part L_0x13b64bfa0, 1, 1;
L_0x13b64c7b0 .part L_0x13b64b090, 1, 1;
L_0x13b64c590 .part L_0x13b64bfa0, 0, 1;
L_0x13b64cce0 .part L_0x13b64b090, 1, 1;
L_0x13b64ce40 .part L_0x13b64b090, 0, 1;
L_0x13b64cfd0 .concat8 [ 1 1 1 0], L_0x13b64c630, L_0x13b64d0e0, L_0x13b64dfd0;
L_0x13b64d390 .part L_0x13b64bfa0, 2, 1;
L_0x13b64cd80 .part L_0x13b64b090, 2, 1;
L_0x13b64d510 .part L_0x13b64bfa0, 1, 1;
L_0x13b64d940 .part L_0x13b64b090, 2, 1;
L_0x13b64d6c0 .part L_0x13b64b090, 1, 1;
L_0x13b64db10 .part L_0x13b64bfa0, 0, 1;
L_0x13b64e180 .part L_0x13b64bfa0, 3, 1;
L_0x13b64de70 .part L_0x13b64bfa0, 2, 1;
L_0x13b64e540 .part L_0x13b64bfa0, 3, 1;
L_0x13b64e5e0 .part L_0x13b64b090, 2, 1;
L_0x13b64e340 .part L_0x13b64bfa0, 1, 1;
L_0x13b64eb70 .concat8 [ 1 1 1 0], L_0x13b64e080, L_0x13b64e8a0, L_0x13b64efe0;
L_0x13b64e780 .part L_0x13b64bfa0, 3, 1;
L_0x13b64ed80 .part L_0x13b64b090, 2, 1;
L_0x13b64ea40 .part L_0x13b64b090, 1, 1;
L_0x13b64f0a0 .part L_0x13b64bfa0, 0, 1;
L_0x13b64f290 .part L_0x13b64bfa0, 3, 1;
L_0x13b64f330 .part L_0x13b64eb70, 0, 1;
L_0x13b64f720 .part L_0x13b64eb70, 1, 1;
L_0x13b64f420 .part L_0x13b64eb70, 2, 1;
L_0x13b64f870 .part L_0x13b64b090, 0, 1;
L_0x13b64f910 .part L_0x13b64b090, 1, 1;
L_0x13b64f9b0 .part L_0x13b64cfd0, 0, 1;
L_0x13b64fe90 .part L_0x13b64b090, 2, 1;
L_0x13b64fcd0 .part L_0x13b64cfd0, 1, 1;
L_0x13b64fb40 .concat8 [ 1 1 1 1], L_0x13b64f870, L_0x13b64fa50, L_0x13b64fd70, L_0x13b650290;
L_0x13b64ff30 .part L_0x13b64b090, 3, 1;
L_0x13b64ffd0 .part L_0x13b64cfd0, 2, 1;
S_0x13b6494d0 .scope module, "u4" "dff" 3 93, 3 3 0, S_0x13b608c20;
 .timescale -9 -12;
    .port_info 0 /INPUT 4 "D";
    .port_info 1 /INPUT 1 "clk";
    .port_info 2 /OUTPUT 4 "Q";
v0x13b649690_0 .net "D", 3 0, L_0x13b64fb40;  alias, 1 drivers
v0x13b649740_0 .var "Q", 3 0;
v0x13b6497d0_0 .net "clk", 0 0, v0x13b64a820_0;  alias, 1 drivers
S_0x13b6498e0 .scope module, "u5" "dff2" 3 94, 3 19 0, S_0x13b608c20;
 .timescale -9 -12;
    .port_info 0 /INPUT 1 "D";
    .port_info 1 /INPUT 1 "clk";
    .port_info 2 /OUTPUT 1 "Q";
v0x13b649b30_0 .net "D", 0 0, L_0x13b64f630;  alias, 1 drivers
v0x13b649be0_0 .var "Q", 0 0;
v0x13b649c70_0 .net "clk", 0 0, v0x13b64a820_0;  alias, 1 drivers
    .scope S_0x13b607580;
T_0 ;
    %wait E_0x13b614760;
    %load/vec4 v0x13b6346e0_0;
    %assign/vec4 v0x13b644370_0, 0;
    %jmp T_0;
    .thread T_0;
    .scope S_0x13b607580;
T_1 ;
    %pushi/vec4 0, 0, 4;
    %store/vec4 v0x13b644370_0, 0, 4;
    %end;
    .thread T_1;
    .scope S_0x13b644520;
T_2 ;
    %wait E_0x13b614760;
    %load/vec4 v0x13b644740_0;
    %assign/vec4 v0x13b6447f0_0, 0;
    %jmp T_2;
    .thread T_2;
    .scope S_0x13b644520;
T_3 ;
    %pushi/vec4 0, 0, 4;
    %store/vec4 v0x13b6447f0_0, 0, 4;
    %end;
    .thread T_3;
    .scope S_0x13b6494d0;
T_4 ;
    %wait E_0x13b614760;
    %load/vec4 v0x13b649690_0;
    %assign/vec4 v0x13b649740_0, 0;
    %jmp T_4;
    .thread T_4;
    .scope S_0x13b6494d0;
T_5 ;
    %pushi/vec4 0, 0, 4;
    %store/vec4 v0x13b649740_0, 0, 4;
    %end;
    .thread T_5;
    .scope S_0x13b6498e0;
T_6 ;
    %wait E_0x13b614760;
    %load/vec4 v0x13b649b30_0;
    %assign/vec4 v0x13b649be0_0, 0;
    %jmp T_6;
    .thread T_6;
    .scope S_0x13b6498e0;
T_7 ;
    %pushi/vec4 0, 0, 1;
    %store/vec4 v0x13b649be0_0, 0, 1;
    %end;
    .thread T_7;
    .scope S_0x13b608ab0;
T_8 ;
    %delay 5000, 0;
    %load/vec4 v0x13b64a820_0;
    %inv;
    %store/vec4 v0x13b64a820_0, 0, 1;
    %jmp T_8;
    .thread T_8;
    .scope S_0x13b608ab0;
T_9 ;
    %vpi_call 2 17 "$dumpfile", "tb_adder.vcd" {0 0 0};
    %vpi_call 2 18 "$dumpvars", 32'sb00000000000000000000000000000000, S_0x13b608ab0 {0 0 0};
    %end;
    .thread T_9;
    .scope S_0x13b608ab0;
T_10 ;
    %vpi_call 2 22 "$monitor", "A = %b, B = %b, clk = %b, S = %b, Cout = %b, time = %t", v0x13b64a4e0_0, v0x13b64a5b0_0, v0x13b64a820_0, v0x13b64a750_0, v0x13b64a680_0, $time {0 0 0};
    %pushi/vec4 0, 0, 1;
    %store/vec4 v0x13b64a820_0, 0, 1;
    %pushi/vec4 15, 0, 4;
    %store/vec4 v0x13b64a4e0_0, 0, 4;
    %pushi/vec4 9, 0, 4;
    %store/vec4 v0x13b64a5b0_0, 0, 4;
    %delay 50000, 0;
    %vpi_call 2 29 "$finish" {0 0 0};
    %end;
    .thread T_10;
# The file index is used to find the file name in the following table.
:file_names 4;
    "N/A";
    "<interactive>";
    "adder_sim.v";
    "./adder.v";
